INFO: [SIM 2] *************** CSIM start ***************
INFO: [SIM 4] CSIM will launch GCC as the compiler.
   Compiling ../../../../tbsend.cpp in debug mode
   Compiling(apcc) ../../../../send.c in debug mode
INFO: [HLS 200-10] Running 'F:/Workplace/vivado/Vitis_HLS/2020.2/bin/unwrapped/win64.o/apcc.exe'
INFO: [HLS 200-10] For user 'LXD' on host 'laptop-r7ukn38i' (Windows NT_amd64 version 6.2) on Thu Mar 30 22:17:13 +0800 2023
INFO: [HLS 200-10] In directory 'F:/Workplace/vivadoProject/hls/send_0/solution1/csim/build'
INFO: [APCC 202-3] Tmp directory is apcc_db
INFO: [APCC 202-1] APCC is done.
   Compiling(apcc) ../../../../clipping.c in debug mode
INFO: [HLS 200-10] Running 'F:/Workplace/vivado/Vitis_HLS/2020.2/bin/unwrapped/win64.o/apcc.exe'
INFO: [HLS 200-10] For user 'LXD' on host 'laptop-r7ukn38i' (Windows NT_amd64 version 6.2) on Thu Mar 30 22:17:19 +0800 2023
INFO: [HLS 200-10] In directory 'F:/Workplace/vivadoProject/hls/send_0/solution1/csim/build'
INFO: [APCC 202-3] Tmp directory is apcc_db
INFO: [APCC 202-1] APCC is done.
   Generating csim.exe
Makefile.rules:392: recipe for target 'csim.exe' failed
obj/tbsend.o: In function `save(double*, double)':
F:\Workplace\vivadoProject\hls\send_0\solution1\csim\build/../../../../send.c:115: undefined reference to `clipping(double*, int, int, double)'
collect2.exe: error: ld returned 1 exit status
make: *** [csim.exe] Error 1
ERR: [SIM 100] 'csim_design' failed: compilation error(s).
INFO: [SIM 3] *************** CSIM finish ***************
